<?xml version="1.0" encoding="UTF-8"?>
<testsuites name="Mocha Tests" time="0.0810" tests="2" failures="0">
  <testsuite name="Root Suite" timestamp="2021-02-25T12:35:24" tests="0" file="cypress/integration/webdriver-uni/hooks.js" time="0.0000" failures="0">
  </testsuite>
  <testsuite name="Hooks" timestamp="2021-02-25T12:35:24" tests="2" time="0.0810" failures="0">
    <testcase name="Hooks test one" time="0.0610" classname="test one">
    </testcase>
    <testcase name="Hooks test two" time="0.0200" classname="test two">
    </testcase>
  </testsuite>
</testsuites>