<?xml version="1.0" encoding="UTF-8"?>
<testsuites name="Mocha Tests" time="8.5830" tests="2" failures="0">
  <testsuite name="Root Suite" timestamp="2021-02-25T12:21:15" tests="0" file="cypress/integration/automation-test-store/inspect-item.js" time="0.0000" failures="0">
  </testsuite>
  <testsuite name="Automation Test Store" timestamp="2021-02-25T12:21:15" tests="2" time="8.5830" failures="0">
    <testcase name="Automation Test Store should be able to submit a successful submission via contact us form" time="3.7760" classname="should be able to submit a successful submission via contact us form">
    </testcase>
    <testcase name="Automation Test Store should be able to submit a successful submission via contact us form" time="4.8070" classname="should be able to submit a successful submission via contact us form">
    </testcase>
  </testsuite>
</testsuites>