<?xml version="1.0" encoding="UTF-8"?>
<testsuites name="Mocha Tests" time="2.7220" tests="3" failures="0">
  <testsuite name="Root Suite" timestamp="2021-02-25T12:34:30" tests="0" file="cypress/integration/webdriver-uni/checkboxes.js" time="0.0000" failures="0">
  </testsuite>
  <testsuite name="Verify chekcboxes via webdriveruni " timestamp="2021-02-25T12:34:30" tests="3" time="2.7220" failures="0">
    <testcase name="Verify chekcboxes via webdriveruni  Check and validate checkboxes" time="1.2850" classname="Check and validate checkboxes">
    </testcase>
    <testcase name="Verify chekcboxes via webdriveruni  Check an validate checkboxes are unchecked" time="0.5660" classname="Check an validate checkboxes are unchecked">
    </testcase>
    <testcase name="Verify chekcboxes via webdriveruni  Check multiple checkboxes" time="0.8710" classname="Check multiple checkboxes">
    </testcase>
  </testsuite>
</testsuites>