<?xml version="1.0" encoding="UTF-8"?>
<testsuites name="Mocha Tests" time="1.8030" tests="2" failures="0">
  <testsuite name="Root Suite" timestamp="2021-02-25T12:35:50" tests="0" file="cypress/integration/webdriver-uni/redio-buttons.js" time="0.0000" failures="0">
  </testsuite>
  <testsuite name="Handle radio-buttons" timestamp="2021-02-25T12:35:50" tests="2" time="1.8030" failures="0">
    <testcase name="Handle radio-buttons Check specific radio buttons" time="1.1880" classname="Check specific radio buttons">
    </testcase>
    <testcase name="Handle radio-buttons Validate the specific state of the radio buttons" time="0.6150" classname="Validate the specific state of the radio buttons">
    </testcase>
  </testsuite>
</testsuites>