<?xml version="1.0" encoding="UTF-8"?>
<testsuites name="Mocha Tests" time="14.6040" tests="16" failures="0">
  <testsuite name="Root Suite" timestamp="2021-02-25T12:35:59" tests="0" file="cypress/integration/webdriver-uni/traversing-elements.js" time="0.0000" failures="0">
  </testsuite>
  <testsuite name="Traversing DOM elements in Cypress" timestamp="2021-02-25T12:35:59" tests="16" time="14.6040" failures="0">
    <testcase name="Traversing DOM elements in Cypress children() to get the children of DOM elements" time="3.9160" classname="children() to get the children of DOM elements">
    </testcase>
    <testcase name="Traversing DOM elements in Cypress closest() to validate the closest ancestor DOM element" time="0.9350" classname="closest() to validate the closest ancestor DOM element">
    </testcase>
    <testcase name="Traversing DOM elements in Cypress eq() to retrieve a specific element based on index" time="1.5410" classname="eq() to retrieve a specific element based on index">
    </testcase>
    <testcase name="Traversing DOM elements in Cypress filter() to retrieve DOM elements that match a specific selector" time="0.5070" classname="filter() to retrieve DOM elements that match a specific selector">
    </testcase>
    <testcase name="Traversing DOM elements in Cypress find() to retrieve DOM elements of a given selector pagination" time="0.5030" classname="find() to retrieve DOM elements of a given selector pagination">
    </testcase>
    <testcase name="Traversing DOM elements in Cypress first() to retrieve the first DOM element within elements table" time="0.5050" classname="first() to retrieve the first DOM element within elements table">
    </testcase>
    <testcase name="Traversing DOM elements in Cypress last() to retrieve the last DOM element within elements" time="0.4280" classname="last() to retrieve the last DOM element within elements">
    </testcase>
    <testcase name="Traversing DOM elements in Cypress nextAll() to get all of the next sibling DOM elements within elements" time="1.1600" classname="nextAll() to get all of the next sibling DOM elements within elements">
    </testcase>
    <testcase name="Traversing DOM elements in Cypress nextUntil() to get all of the next sibling DOM elements within elements until another element" time="0.4420" classname="nextUntil() to get all of the next sibling DOM elements within elements until another element">
    </testcase>
    <testcase name="Traversing DOM elements in Cypress not() to remove DOM element(s) from the set of elements" time="0.6300" classname="not() to remove DOM element(s) from the set of elements">
    </testcase>
    <testcase name="Traversing DOM elements in Cypress parent() To get parent DOM element of elements" time="0.6400" classname="parent() To get parent DOM element of elements">
    </testcase>
    <testcase name="Traversing DOM elements in Cypress parents() to get parents DOM element of elements" time="0.8770" classname="parents() to get parents DOM element of elements">
    </testcase>
    <testcase name="Traversing DOM elements in Cypress prev() to get the previous sibling DOM element within elements" time="0.6260" classname="prev() to get the previous sibling DOM element within elements">
    </testcase>
    <testcase name="Traversing DOM elements in Cypress prevAll() to get all previous sibling DOM elements within elements" time="0.7130" classname="prevAll() to get all previous sibling DOM elements within elements">
    </testcase>
    <testcase name="Traversing DOM elements in Cypress prevUntil() to get all previous sibling DOM elements within elements until other element" time="0.6330" classname="prevUntil() to get all previous sibling DOM elements within elements until other element">
    </testcase>
    <testcase name="Traversing DOM elements in Cypress siblings() To get all sibling DOM elements of elements" time="0.5480" classname="siblings() To get all sibling DOM elements of elements">
    </testcase>
  </testsuite>
</testsuites>