<?xml version="1.0" encoding="UTF-8"?>
<testsuites name="Mocha Tests" time="13.3980" tests="2" failures="0">
  <testsuite name="Root Suite" timestamp="2021-02-25T12:22:48" tests="0" file="cypress/integration/webdriver-uni/browser-navigation.js" time="0.0000" failures="0">
  </testsuite>
  <testsuite name="Validate webdriveruni homepage links" timestamp="2021-02-25T12:22:48" tests="2" time="13.3980" failures="0">
    <testcase name="Validate webdriveruni homepage links Confirm links redirect to the correct pages" time="9.4290" classname="Confirm links redirect to the correct pages">
    </testcase>
    <testcase name="Validate webdriveruni homepage links Confirm links redirect to the correct pages challenges" time="3.9690" classname="Confirm links redirect to the correct pages challenges">
    </testcase>
  </testsuite>
</testsuites>