<?xml version="1.0" encoding="UTF-8"?>
<testsuites name="Mocha Tests" time="4.6470" tests="1" failures="0">
  <testsuite name="Root Suite" timestamp="2021-02-25T12:20:48" tests="0" file="cypress/integration/automation-test-store/add-multiple-items-to-basket.js" time="0.0000" failures="0">
  </testsuite>
  <testsuite name="Add multiple items to basket" timestamp="2021-02-25T12:20:48" tests="1" time="4.6470" failures="0">
    <testcase name="Add multiple items to basket Add specific items to basket" time="4.6470" classname="Add specific items to basket">
    </testcase>
  </testsuite>
</testsuites>