<?xml version="1.0" encoding="UTF-8"?>
<testsuites name="Mocha Tests" time="2.3160" tests="2" failures="0">
  <testsuite name="Root Suite" timestamp="2021-02-25T12:35:14" tests="0" file="cypress/integration/webdriver-uni/file-upload.js" time="0.0000" failures="0">
  </testsuite>
  <testsuite name="Test upload webdriveruni" timestamp="2021-02-25T12:35:15" tests="2" time="2.3160" failures="0">
    <testcase name="Test upload webdriveruni Upload a file...." time="1.6390" classname="Upload a file....">
    </testcase>
    <testcase name="Test upload webdriveruni Upload no file...." time="0.6770" classname="Upload no file....">
    </testcase>
  </testsuite>
</testsuites>