<?xml version="1.0" encoding="UTF-8"?>
<testsuites name="Mocha Tests" time="17.8830" tests="5" failures="0">
  <testsuite name="Root Suite" timestamp="2021-02-25T12:33:16" tests="0" file="cypress/integration/automation-test-store/iterate-each-element.js" time="0.0000" failures="0">
  </testsuite>
  <testsuite name="Automation Test Store" timestamp="2021-02-25T12:33:16" tests="5" time="17.8830" failures="0">
    <testcase name="Automation Test Store Log information of all hair products" time="3.4890" classname="Log information of all hair products">
    </testcase>
    <testcase name="Automation Test Store Add specific product to basket" time="3.4930" classname="Add specific product to basket">
    </testcase>
    <testcase name="Automation Test Store Add another specific product to baske onet" time="3.4990" classname="Add another specific product to baske onet">
    </testcase>
    <testcase name="Automation Test Store Add another specific product to basket two" time="3.4150" classname="Add another specific product to basket two">
    </testcase>
    <testcase name="Automation Test Store Add another specific product to basket three" time="3.9870" classname="Add another specific product to basket three">
    </testcase>
  </testsuite>
</testsuites>