{
  "stats": {
    "suites": 1,
    "tests": 1,
    "passes": 1,
    "pending": 0,
    "failures": 0,
    "start": "2021-02-26T10:42:28.160Z",
    "end": "2021-02-26T10:42:35.992Z",
    "duration": 7832,
    "testsRegistered": 1,
    "passPercent": 100,
    "pendingPercent": 0,
    "other": 0,
    "hasOther": false,
    "skipped": 0,
    "hasSkipped": false
  },
  "results": [
    {
      "uuid": "5daacbde-f966-4b3f-9e52-d64f51e87f99",
      "title": "",
      "fullFile": "cypress/integration/automation-test-store/contact-us.js",
      "file": "cypress/integration/automation-test-store/contact-us.js",
      "beforeHooks": [],
      "afterHooks": [],
      "tests": [],
      "suites": [
        {
          "uuid": "9a3db8ac-46cb-4157-a2bd-b957d915ae2c",
          "title": "Test Contact Us form via Automation Test Store",
          "fullFile": "",
          "file": "",
          "beforeHooks": [],
          "afterHooks": [],
          "tests": [
            {
              "title": "should be able to submit a successful submission via contact us form",
              "fullTitle": "Test Contact Us form via Automation Test Store should be able to submit a successful submission via contact us form",
              "timedOut": null,
              "duration": 6459,
              "state": "passed",
              "speed": "slow",
              "pass": true,
              "fail": false,
              "pending": false,
              "context": null,
              "code": "cy.get('a[href$=\"contact\"]').click().then(function ($contacText) {\n  cy.log(\"The element text is: \", $contacText.text());\n});\ncy.get(\"#ContactUsFrm_first_name\").type(globalThis.data.first_name);\ncy.get(\"#ContactUsFrm_email\").type(globalThis.data.email);\ncy.get(\"#ContactUsFrm_email\").should(\"have.attr\", \"name\", \"email\");\ncy.get(\"#ContactUsFrm_enquiry\").type(\"do you provid any discount\");\ncy.get('button[title=\"Submit\"]').click();\ncy.get(\".mb40 > :nth-child(3)\").should(\"have.text\", \"Your enquiry has been successfully sent to the store owner!\");\ncy.log(\"Test has been completed\");",
              "err": {},
              "uuid": "61760469-002e-4b2d-8861-50db192cd1aa",
              "parentUUID": "9a3db8ac-46cb-4157-a2bd-b957d915ae2c",
              "isHook": false,
              "skipped": false
            }
          ],
          "suites": [],
          "passes": [
            "61760469-002e-4b2d-8861-50db192cd1aa"
          ],
          "failures": [],
          "pending": [],
          "skipped": [],
          "duration": 6459,
          "root": false,
          "rootEmpty": false,
          "_timeout": 2000
        }
      ],
      "passes": [],
      "failures": [],
      "pending": [],
      "skipped": [],
      "duration": 0,
      "root": true,
      "rootEmpty": true,
      "_timeout": 2000
    }
  ],
  "meta": {
    "mocha": {
      "version": "7.0.1"
    },
    "mochawesome": {
      "options": {
        "quiet": false,
        "reportFilename": "mochawesome",
        "saveHtml": false,
        "saveJson": true,
        "consoleReporter": "spec",
        "useInlineDiffs": false,
        "code": true
      },
      "version": "6.2.2"
    },
    "marge": {
      "options": {
        "id": "default",
        "reporterDir": "cypress/results/mochawesome",
        "quite": true,
        "overwrite": false,
        "html": false,
        "json": true
      },
      "version": "5.2.0"
    }
  }
}