{
  "stats": {
    "suites": 1,
    "tests": 1,
    "passes": 1,
    "pending": 0,
    "failures": 0,
    "start": "2021-02-26T10:44:24.858Z",
    "end": "2021-02-26T10:44:27.162Z",
    "duration": 2304,
    "testsRegistered": 1,
    "passPercent": 100,
    "pendingPercent": 0,
    "other": 0,
    "hasOther": false,
    "skipped": 0,
    "hasSkipped": false
  },
  "results": [
    {
      "uuid": "45c91edc-4404-4423-9319-080600a37906",
      "title": "",
      "fullFile": "cypress/integration/webdriver-uni/iframes.js",
      "file": "cypress/integration/webdriver-uni/iframes.js",
      "beforeHooks": [],
      "afterHooks": [],
      "tests": [],
      "suites": [
        {
          "uuid": "05e52e80-e8b5-4538-972c-4ea78df4cd29",
          "title": "Handle Iframes & Models",
          "fullFile": "",
          "file": "",
          "beforeHooks": [],
          "afterHooks": [],
          "tests": [
            {
              "title": "Handle webdriver iframe * Models",
              "fullTitle": "Handle Iframes & Models Handle webdriver iframe * Models",
              "timedOut": null,
              "duration": 2268,
              "state": "passed",
              "speed": "slow",
              "pass": true,
              "fail": false,
              "pending": false,
              "context": null,
              "code": "cy.visit(\"https://www.webdriveruniversity.com/\");\ncy.get(\"#iframe\").invoke(\"removeAttr\", \"target\").click({\n  force: true\n});\ncy.get(\"#frame\").then(function ($iframe) {\n  var body = $iframe.contents().find(\"body\");\n  cy.wrap(body).as(\"iframe\");\n});\ncy.get(\"@iframe\").find(\"#button-find-out-more\").click();\ncy.get(\"@iframe\").find(\".modal-body\").as(\"model\");\ncy.get(\"@model\").should(function ($expectTxt) {\n  expect($expectTxt.text()).to.include(\"Welcome to webdriveruniversity.com\");\n});\n/**\n * clicks the last button from the pop alert\n * within the iframe\n */\ncy.get(\"@iframe\").find(\".modal-footer>.btn.btn-default\").first().as(\"btn\");\ncy.get(\"@btn\").click();",
              "err": {},
              "uuid": "ca44219b-c73d-4717-8cd3-a80b710ac582",
              "parentUUID": "05e52e80-e8b5-4538-972c-4ea78df4cd29",
              "isHook": false,
              "skipped": false
            }
          ],
          "suites": [],
          "passes": [
            "ca44219b-c73d-4717-8cd3-a80b710ac582"
          ],
          "failures": [],
          "pending": [],
          "skipped": [],
          "duration": 2268,
          "root": false,
          "rootEmpty": false,
          "_timeout": 2000
        }
      ],
      "passes": [],
      "failures": [],
      "pending": [],
      "skipped": [],
      "duration": 0,
      "root": true,
      "rootEmpty": true,
      "_timeout": 2000
    }
  ],
  "meta": {
    "mocha": {
      "version": "7.0.1"
    },
    "mochawesome": {
      "options": {
        "quiet": false,
        "reportFilename": "mochawesome",
        "saveHtml": false,
        "saveJson": true,
        "consoleReporter": "spec",
        "useInlineDiffs": false,
        "code": true
      },
      "version": "6.2.2"
    },
    "marge": {
      "options": {
        "id": "default",
        "reporterDir": "cypress/results/mochawesome",
        "quite": true,
        "overwrite": false,
        "html": false,
        "json": true
      },
      "version": "5.2.0"
    }
  }
}