{
  "stats": {
    "suites": 1,
    "tests": 1,
    "passes": 0,
    "pending": 0,
    "failures": 1,
    "start": "2021-02-26T10:52:19.002Z",
    "end": "2021-02-26T10:52:20.963Z",
    "duration": 1961,
    "testsRegistered": 5,
    "passPercent": 0,
    "pendingPercent": 0,
    "other": 0,
    "hasOther": false,
    "skipped": 4,
    "hasSkipped": true
  },
  "results": [
    {
      "uuid": "80211e10-d71d-44c1-b026-8dbb5a7f471b",
      "title": "",
      "fullFile": "cypress/integration/automation-test-store/iterate-each-element.js",
      "file": "cypress/integration/automation-test-store/iterate-each-element.js",
      "beforeHooks": [],
      "afterHooks": [],
      "tests": [],
      "suites": [
        {
          "uuid": "4caf83f5-d44b-404d-9e57-3e0d07e12c08",
          "title": "Automation Test Store",
          "fullFile": "",
          "file": "",
          "beforeHooks": [],
          "afterHooks": [],
          "tests": [
            {
              "title": "Log information of all hair products",
              "fullTitle": "Automation Test Store Log information of all hair products",
              "timedOut": null,
              "duration": 174,
              "state": "failed",
              "speed": null,
              "pass": false,
              "fail": true,
              "pending": false,
              "context": null,
              "code": "cy.get(\".fixed_wrapper .prdocutname\").each(function ($el, index, $list) {\n  cy.log(\"Index:\" + index, \" : \" + $el.text()); //iterate each element and log the results\n});",
              "err": {
                "message": "Error: Removing cookie failed for: {\"url\":\"https://www.automationteststore.com/\",\"name\":\"language\"}\n\nBecause this error occurred during a `before each` hook we are skipping the remaining tests in the current suite: `Automation Test Store`",
                "estack": "Error: Removing cookie failed for: {\"url\":\"https://www.automationteststore.com/\",\"name\":\"language\"}\n\nBecause this error occurred during a `before each` hook we are skipping the remaining tests in the current suite: `Automation Test Store`\n    throwError@webpack:///./app/background.js?:115:36\n    clear/<@webpack:///./app/background.js?:125:16\nFrom previous event:\n    clear@webpack:///./app/background.js?:120:10\nFrom previous event:\n    clear@webpack:///./app/background.js?:130:6\n    clearCookie@webpack:///./app/background.js?:178:17\n    invoke/<@webpack:///./app/background.js?:63:33\nFrom previous event:\n    invoke@webpack:///./app/background.js?:62:20\n    connect/<@webpack:///./app/background.js?:82:16\n    Emitter.prototype.emit@webpack:////root/cypress/node_modules/component-emitter/index.js?:145:20\n    emitEvent@webpack:///../socket/node_modules/socket.io-client/build/socket.js?:253:20\n    onevent@webpack:///../socket/node_modules/socket.io-client/build/socket.js?:240:18\n    onpacket@webpack:///../socket/node_modules/socket.io-client/build/socket.js?:204:22\n    module.exports/<@webpack:////root/cypress/node_modules/component-bind/index.js?:21:15\n    Emitter.prototype.emit@webpack:////root/cypress/node_modules/component-emitter/index.js?:145:20\n    ondecoded@webpack:///../socket/node_modules/socket.io-client/build/manager.js?:207:15\n    module.exports/<@webpack:////root/cypress/node_modules/component-bind/index.js?:21:15\n    Emitter.prototype.emit@webpack:////root/cypress/node_modules/component-emitter/index.js?:145:20\n    add@webpack:///../socket/node_modules/socket.io-parser/dist/index.js?:118:23\n    ondata@webpack:///../socket/node_modules/socket.io-client/build/manager.js?:199:22\n    module.exports/<@webpack:////root/cypress/node_modules/component-bind/index.js?:21:15\n    Emitter.prototype.emit@webpack:////root/cypress/node_modules/component-emitter/index.js?:145:20\n    onPacket@webpack:///../socket/node_modules/engine.io-client/lib/socket.js?:387:16\n    setTransport/<@webpack:///../socket/node_modules/engine.io-client/lib/socket.js?:196:14\n    Emitter.prototype.emit@webpack:////root/cypress/node_modules/component-emitter/index.js?:145:20\n    onPacket@webpack:///../socket/node_modules/engine.io-client/lib/transport.js?:103:10\n    onData@webpack:///../socket/node_modules/engine.io-client/lib/transport.js?:96:10\n    addEventListeners/this.ws.onmessage@webpack:///../socket/node_modules/engine.io-client/lib/transports/websocket.js?:108:12",
                "diff": null
              },
              "uuid": "247d1bb4-0e01-4a95-806f-0fc550d124bf",
              "parentUUID": "4caf83f5-d44b-404d-9e57-3e0d07e12c08",
              "isHook": false,
              "skipped": false
            },
            {
              "title": "Add specific product to basket",
              "fullTitle": "Automation Test Store Add specific product to basket",
              "timedOut": null,
              "duration": 0,
              "state": "skipped",
              "speed": null,
              "pass": false,
              "fail": false,
              "pending": false,
              "context": null,
              "code": "/**\n * this test takes a parameter fromthe command file\n * and its possible to change the desired product\n */\ncy.addProduct(\"Pantene Pro-V Conditioner, Classic Care\");",
              "err": {},
              "uuid": "cef3d6d0-bc13-4229-ad56-07b1a798d1a5",
              "parentUUID": "4caf83f5-d44b-404d-9e57-3e0d07e12c08",
              "isHook": false,
              "skipped": true
            },
            {
              "title": "Add another specific product to baske onet",
              "fullTitle": "Automation Test Store Add another specific product to baske onet",
              "timedOut": null,
              "duration": 0,
              "state": "skipped",
              "speed": null,
              "pass": false,
              "fail": false,
              "pending": false,
              "context": null,
              "code": "cy.addProduct(\"Eau Parfumee au The Vert Shampoo\");",
              "err": {},
              "uuid": "626df0db-fcb1-4bb4-bba7-2d94c40e61af",
              "parentUUID": "4caf83f5-d44b-404d-9e57-3e0d07e12c08",
              "isHook": false,
              "skipped": true
            },
            {
              "title": "Add another specific product to basket two",
              "fullTitle": "Automation Test Store Add another specific product to basket two",
              "timedOut": null,
              "duration": 0,
              "state": "skipped",
              "speed": null,
              "pass": false,
              "fail": false,
              "pending": false,
              "context": null,
              "code": "cy.addProduct(\"Seaweed Conditioner\");",
              "err": {},
              "uuid": "5b1d89aa-38a0-4a9d-9b75-ffee6b64a318",
              "parentUUID": "4caf83f5-d44b-404d-9e57-3e0d07e12c08",
              "isHook": false,
              "skipped": true
            },
            {
              "title": "Add another specific product to basket three",
              "fullTitle": "Automation Test Store Add another specific product to basket three",
              "timedOut": null,
              "duration": 0,
              "state": "skipped",
              "speed": null,
              "pass": false,
              "fail": false,
              "pending": false,
              "context": null,
              "code": "cy.addProduct(\"Curls to straight Shampoo\");",
              "err": {},
              "uuid": "6db00e14-70cd-4707-9c7a-e0f75219f405",
              "parentUUID": "4caf83f5-d44b-404d-9e57-3e0d07e12c08",
              "isHook": false,
              "skipped": true
            }
          ],
          "suites": [],
          "passes": [],
          "failures": [
            "247d1bb4-0e01-4a95-806f-0fc550d124bf"
          ],
          "pending": [],
          "skipped": [
            "cef3d6d0-bc13-4229-ad56-07b1a798d1a5",
            "626df0db-fcb1-4bb4-bba7-2d94c40e61af",
            "5b1d89aa-38a0-4a9d-9b75-ffee6b64a318",
            "6db00e14-70cd-4707-9c7a-e0f75219f405"
          ],
          "duration": 174,
          "root": false,
          "rootEmpty": false,
          "_timeout": 2000
        }
      ],
      "passes": [],
      "failures": [],
      "pending": [],
      "skipped": [],
      "duration": 0,
      "root": true,
      "rootEmpty": true,
      "_timeout": 2000
    }
  ],
  "meta": {
    "mocha": {
      "version": "7.0.1"
    },
    "mochawesome": {
      "options": {
        "quiet": false,
        "reportFilename": "mochawesome",
        "saveHtml": false,
        "saveJson": true,
        "consoleReporter": "spec",
        "useInlineDiffs": false,
        "code": true
      },
      "version": "6.2.2"
    },
    "marge": {
      "options": {
        "id": "default",
        "reporterDir": "cypress/results/mochawesome",
        "quite": true,
        "overwrite": false,
        "html": false,
        "json": true
      },
      "version": "5.2.0"
    }
  }
}