{
  "stats": {
    "suites": 1,
    "tests": 2,
    "passes": 2,
    "pending": 0,
    "failures": 0,
    "start": "2021-02-26T10:49:29.468Z",
    "end": "2021-02-26T10:49:40.386Z",
    "duration": 10918,
    "testsRegistered": 2,
    "passPercent": 100,
    "pendingPercent": 0,
    "other": 0,
    "hasOther": false,
    "skipped": 0,
    "hasSkipped": false
  },
  "results": [
    {
      "uuid": "e23058d1-f8c0-45dd-a23e-2941140110b0",
      "title": "",
      "fullFile": "cypress/integration/automation-test-store/inspect-item.js",
      "file": "cypress/integration/automation-test-store/inspect-item.js",
      "beforeHooks": [],
      "afterHooks": [],
      "tests": [],
      "suites": [
        {
          "uuid": "d5901240-bc48-4ed4-8136-ae678c73912b",
          "title": "Automation Test Store",
          "fullFile": "",
          "file": "",
          "beforeHooks": [],
          "afterHooks": [],
          "tests": [
            {
              "title": "should be able to submit a successful submission via contact us form",
              "fullTitle": "Automation Test Store should be able to submit a successful submission via contact us form",
              "timedOut": null,
              "duration": 5809,
              "state": "passed",
              "speed": "slow",
              "pass": true,
              "fail": false,
              "pending": false,
              "context": null,
              "code": "cy.visit(\"https://www.automationteststore.com/\");\ncy.document().should(\"have.property\", \"charset\", \"UTF-8\");\ncy.get('.prdocutname').contains('Skinsheen Bronzer Stick').click().then(function ($itemHeader) {\n  console.log('Selected text is: ' + $itemHeader.text());\n});\n/** \n * the log function will be executed right before the code is executed\n * the .then logs only after a a certain conditions is meet\n*/\nconsole.log('this should log now');",
              "err": {},
              "uuid": "d0df15c5-a7bf-42ad-8154-3d6e2d498575",
              "parentUUID": "d5901240-bc48-4ed4-8136-ae678c73912b",
              "isHook": false,
              "skipped": false
            },
            {
              "title": "should be able to submit a successful submission via contact us form",
              "fullTitle": "Automation Test Store should be able to submit a successful submission via contact us form",
              "timedOut": null,
              "duration": 3797,
              "state": "passed",
              "speed": "slow",
              "pass": true,
              "fail": false,
              "pending": false,
              "context": null,
              "code": "cy.visit(\"https://www.automationteststore.com/\");\ncy.get('.fixed_wrapper').find('.prdocutname').eq(0).click();",
              "err": {},
              "uuid": "3c2ea4b7-68e3-4155-b8dc-710046b6f1da",
              "parentUUID": "d5901240-bc48-4ed4-8136-ae678c73912b",
              "isHook": false,
              "skipped": false
            }
          ],
          "suites": [],
          "passes": [
            "d0df15c5-a7bf-42ad-8154-3d6e2d498575",
            "3c2ea4b7-68e3-4155-b8dc-710046b6f1da"
          ],
          "failures": [],
          "pending": [],
          "skipped": [],
          "duration": 9606,
          "root": false,
          "rootEmpty": false,
          "_timeout": 2000
        }
      ],
      "passes": [],
      "failures": [],
      "pending": [],
      "skipped": [],
      "duration": 0,
      "root": true,
      "rootEmpty": true,
      "_timeout": 2000
    }
  ],
  "meta": {
    "mocha": {
      "version": "7.0.1"
    },
    "mochawesome": {
      "options": {
        "quiet": false,
        "reportFilename": "mochawesome",
        "saveHtml": false,
        "saveJson": true,
        "consoleReporter": "spec",
        "useInlineDiffs": false,
        "code": true
      },
      "version": "6.2.2"
    },
    "marge": {
      "options": {
        "id": "default",
        "reporterDir": "cypress/results/mochawesome",
        "quite": true,
        "overwrite": false,
        "html": false,
        "json": true
      },
      "version": "5.2.0"
    }
  }
}