{
  "stats": {
    "suites": 1,
    "tests": 1,
    "passes": 1,
    "pending": 0,
    "failures": 0,
    "start": "2021-02-26T10:43:58.187Z",
    "end": "2021-02-26T10:44:00.752Z",
    "duration": 2565,
    "testsRegistered": 1,
    "passPercent": 100,
    "pendingPercent": 0,
    "other": 0,
    "hasOther": false,
    "skipped": 0,
    "hasSkipped": false
  },
  "results": [
    {
      "uuid": "fc3690ca-7a86-41ff-a5a0-188f27f869a8",
      "title": "",
      "fullFile": "cypress/integration/webdriver-uni/data-tables.js",
      "file": "cypress/integration/webdriver-uni/data-tables.js",
      "beforeHooks": [],
      "afterHooks": [],
      "tests": [],
      "suites": [
        {
          "uuid": "1e1e2751-8141-4402-843f-19b4f43970b2",
          "title": "Handling data via webdriveruni",
          "fullFile": "",
          "file": "",
          "beforeHooks": [],
          "afterHooks": [],
          "tests": [
            {
              "title": "Calcaluta the age of a given user based on the last name",
              "fullTitle": "Handling data via webdriveruni Calcaluta the age of a given user based on the last name",
              "timedOut": null,
              "duration": 1193,
              "state": "passed",
              "speed": "slow",
              "pass": true,
              "fail": false,
              "pending": false,
              "context": null,
              "code": "cy.get('#thumbnail-1 tr td:nth-child(2)').each(function ($el, index, $list) {\n  cy.log($el.text()); //logs all the last names\n  if ($el.text() === 'Woods') {\n    //the next command will move to where the age is stored\n    cy.get('#thumbnail-1 tr td:nth-child(2)').eq(index).next().then(function (age) {\n      // const userAge = age.text()\n      expect(age.text()).to.equal('80');\n    });\n  }\n});",
              "err": {},
              "uuid": "8f80c3ce-4a4b-4036-bf6b-6e8bd937aafa",
              "parentUUID": "1e1e2751-8141-4402-843f-19b4f43970b2",
              "isHook": false,
              "skipped": false
            }
          ],
          "suites": [],
          "passes": [
            "8f80c3ce-4a4b-4036-bf6b-6e8bd937aafa"
          ],
          "failures": [],
          "pending": [],
          "skipped": [],
          "duration": 1193,
          "root": false,
          "rootEmpty": false,
          "_timeout": 2000
        }
      ],
      "passes": [],
      "failures": [],
      "pending": [],
      "skipped": [],
      "duration": 0,
      "root": true,
      "rootEmpty": true,
      "_timeout": 2000
    }
  ],
  "meta": {
    "mocha": {
      "version": "7.0.1"
    },
    "mochawesome": {
      "options": {
        "quiet": false,
        "reportFilename": "mochawesome",
        "saveHtml": false,
        "saveJson": true,
        "consoleReporter": "spec",
        "useInlineDiffs": false,
        "code": true
      },
      "version": "6.2.2"
    },
    "marge": {
      "options": {
        "id": "default",
        "reporterDir": "cypress/results/mochawesome",
        "quite": true,
        "overwrite": false,
        "html": false,
        "json": true
      },
      "version": "5.2.0"
    }
  }
}