{
  "stats": {
    "suites": 1,
    "tests": 1,
    "passes": 1,
    "pending": 0,
    "failures": 0,
    "start": "2021-02-26T10:50:16.479Z",
    "end": "2021-02-26T10:50:19.627Z",
    "duration": 3148,
    "testsRegistered": 1,
    "passPercent": 100,
    "pendingPercent": 0,
    "other": 0,
    "hasOther": false,
    "skipped": 0,
    "hasSkipped": false
  },
  "results": [
    {
      "uuid": "c7ccc65e-e35e-400a-99ca-f177758286b9",
      "title": "",
      "fullFile": "cypress/integration/automation-test-store/variable-and-cy-command.js",
      "file": "cypress/integration/automation-test-store/variable-and-cy-command.js",
      "beforeHooks": [],
      "afterHooks": [],
      "tests": [],
      "suites": [
        {
          "uuid": "533308cb-4512-4b7e-9e7d-779eab8b5c6a",
          "title": "Verifying variables, cyress commands and hquery commands",
          "fullFile": "",
          "file": "",
          "beforeHooks": [],
          "afterHooks": [],
          "tests": [
            {
              "title": "Navigating to specific product pages",
              "fullTitle": "Verifying variables, cyress commands and hquery commands Navigating to specific product pages",
              "timedOut": null,
              "duration": 1649,
              "state": "passed",
              "speed": "slow",
              "pass": true,
              "fail": false,
              "pending": false,
              "context": null,
              "code": "cy.visit('https://automationteststore.com/index.php?rt=content/contact'); //Use cypress commands and chaining\ncy.contains('#ContactUsFrm', 'Contact Us Form').find('#field_11').should('contain', 'First name:');\ncy.contains('#ContactUsFrm', 'Contact Us Form').find('#field_12').should('contain', 'Email:');\ncy.contains('#ContactUsFrm', 'Contact Us Form').find('#field_13').should('contain', 'Enquiry:'); //Jquery approach\ncy.contains('#ContactUsFrm', 'Contact Us Form').then(function ($itemText) {\n  var firstNameTxt = $itemText.find('#field_11').text();\n  expect(firstNameTxt).to.contain('First name:');\n});",
              "err": {},
              "uuid": "0c00211f-677b-42ee-91e5-373607ab612b",
              "parentUUID": "533308cb-4512-4b7e-9e7d-779eab8b5c6a",
              "isHook": false,
              "skipped": false
            }
          ],
          "suites": [],
          "passes": [
            "0c00211f-677b-42ee-91e5-373607ab612b"
          ],
          "failures": [],
          "pending": [],
          "skipped": [],
          "duration": 1649,
          "root": false,
          "rootEmpty": false,
          "_timeout": 2000
        }
      ],
      "passes": [],
      "failures": [],
      "pending": [],
      "skipped": [],
      "duration": 0,
      "root": true,
      "rootEmpty": true,
      "_timeout": 2000
    }
  ],
  "meta": {
    "mocha": {
      "version": "7.0.1"
    },
    "mochawesome": {
      "options": {
        "quiet": false,
        "reportFilename": "mochawesome",
        "saveHtml": false,
        "saveJson": true,
        "consoleReporter": "spec",
        "useInlineDiffs": false,
        "code": true
      },
      "version": "6.2.2"
    },
    "marge": {
      "options": {
        "id": "default",
        "reporterDir": "cypress/results/mochawesome",
        "quite": true,
        "overwrite": false,
        "html": false,
        "json": true
      },
      "version": "5.2.0"
    }
  }
}