{
  "stats": {
    "suites": 1,
    "tests": 2,
    "passes": 2,
    "pending": 0,
    "failures": 0,
    "start": "2021-02-26T10:44:42.315Z",
    "end": "2021-02-26T10:44:45.048Z",
    "duration": 2733,
    "testsRegistered": 2,
    "passPercent": 100,
    "pendingPercent": 0,
    "other": 0,
    "hasOther": false,
    "skipped": 0,
    "hasSkipped": false
  },
  "results": [
    {
      "uuid": "76630003-69f6-428a-af27-f4007ed9a5a1",
      "title": "",
      "fullFile": "cypress/integration/webdriver-uni/redio-buttons.js",
      "file": "cypress/integration/webdriver-uni/redio-buttons.js",
      "beforeHooks": [],
      "afterHooks": [],
      "tests": [],
      "suites": [
        {
          "uuid": "6fcfbac2-ddea-4485-bddb-431ef0955e31",
          "title": "Handle radio-buttons",
          "fullFile": "",
          "file": "",
          "beforeHooks": [],
          "afterHooks": [],
          "tests": [
            {
              "title": "Check specific radio buttons",
              "fullTitle": "Handle radio-buttons Check specific radio buttons",
              "timedOut": null,
              "duration": 1090,
              "state": "passed",
              "speed": "slow",
              "pass": true,
              "fail": false,
              "pending": false,
              "context": null,
              "code": "cy.get('#radio-buttons').find(\"[type='radio']\").first().check().should('be.checked');\ncy.get('#radio-buttons').find(\"[type='radio']\").eq(4).check();",
              "err": {},
              "uuid": "cf5fd31a-96ec-482e-848c-4d258afaa99a",
              "parentUUID": "6fcfbac2-ddea-4485-bddb-431ef0955e31",
              "isHook": false,
              "skipped": false
            },
            {
              "title": "Validate the specific state of the radio buttons",
              "fullTitle": "Handle radio-buttons Validate the specific state of the radio buttons",
              "timedOut": null,
              "duration": 653,
              "state": "passed",
              "speed": "slow",
              "pass": true,
              "fail": false,
              "pending": false,
              "context": null,
              "code": "cy.get('#radio-buttons-selected-disabled').as('radioOption');\ncy.get('@radioOption').find(\"[value='lettuce']\").check();\ncy.get('@radioOption').find(\"[value='lettuce']\").check();\ncy.get('@radioOption').find(\"[value='cabbage']\").should('be.disabled');\n/** \n * alternative way of doing the same as the above\n*/\ncy.get(\"[value='lettuce']\").check().should('be.checked');\ncy.get(\"[value='pumpkin']\").check().should('be.checked');\ncy.get(\"[value='cabbage']\").should('be.disabled');",
              "err": {},
              "uuid": "a2e03790-4eb8-449b-93df-72ae51469b46",
              "parentUUID": "6fcfbac2-ddea-4485-bddb-431ef0955e31",
              "isHook": false,
              "skipped": false
            }
          ],
          "suites": [],
          "passes": [
            "cf5fd31a-96ec-482e-848c-4d258afaa99a",
            "a2e03790-4eb8-449b-93df-72ae51469b46"
          ],
          "failures": [],
          "pending": [],
          "skipped": [],
          "duration": 1743,
          "root": false,
          "rootEmpty": false,
          "_timeout": 2000
        }
      ],
      "passes": [],
      "failures": [],
      "pending": [],
      "skipped": [],
      "duration": 0,
      "root": true,
      "rootEmpty": true,
      "_timeout": 2000
    }
  ],
  "meta": {
    "mocha": {
      "version": "7.0.1"
    },
    "mochawesome": {
      "options": {
        "quiet": false,
        "reportFilename": "mochawesome",
        "saveHtml": false,
        "saveJson": true,
        "consoleReporter": "spec",
        "useInlineDiffs": false,
        "code": true
      },
      "version": "6.2.2"
    },
    "marge": {
      "options": {
        "id": "default",
        "reporterDir": "cypress/results/mochawesome",
        "quite": true,
        "overwrite": false,
        "html": false,
        "json": true
      },
      "version": "5.2.0"
    }
  }
}