{
  "stats": {
    "suites": 1,
    "tests": 2,
    "passes": 2,
    "pending": 0,
    "failures": 0,
    "start": "2021-02-26T10:42:39.186Z",
    "end": "2021-02-26T10:42:52.550Z",
    "duration": 13364,
    "testsRegistered": 2,
    "passPercent": 100,
    "pendingPercent": 0,
    "other": 0,
    "hasOther": false,
    "skipped": 0,
    "hasSkipped": false
  },
  "results": [
    {
      "uuid": "ad6dea36-a367-4aea-8daf-ca01ba3f9ed1",
      "title": "",
      "fullFile": "cypress/integration/automation-test-store/inspect-item.js",
      "file": "cypress/integration/automation-test-store/inspect-item.js",
      "beforeHooks": [],
      "afterHooks": [],
      "tests": [],
      "suites": [
        {
          "uuid": "6aba7581-b58b-4b38-ae9c-d351c784331c",
          "title": "Automation Test Store",
          "fullFile": "",
          "file": "",
          "beforeHooks": [],
          "afterHooks": [],
          "tests": [
            {
              "title": "should be able to submit a successful submission via contact us form",
              "fullTitle": "Automation Test Store should be able to submit a successful submission via contact us form",
              "timedOut": null,
              "duration": 5274,
              "state": "passed",
              "speed": "slow",
              "pass": true,
              "fail": false,
              "pending": false,
              "context": null,
              "code": "cy.visit(\"https://www.automationteststore.com/\");\ncy.document().should(\"have.property\", \"charset\", \"UTF-8\");\ncy.get('.prdocutname').contains('Skinsheen Bronzer Stick').click().then(function ($itemHeader) {\n  console.log('Selected text is: ' + $itemHeader.text());\n});\n/** \n * the log function will be executed right before the code is executed\n * the .then logs only after a a certain conditions is meet\n*/\nconsole.log('this should log now');",
              "err": {},
              "uuid": "a8fc84f1-1384-41ae-89a2-aaf30a5ce264",
              "parentUUID": "6aba7581-b58b-4b38-ae9c-d351c784331c",
              "isHook": false,
              "skipped": false
            },
            {
              "title": "should be able to submit a successful submission via contact us form",
              "fullTitle": "Automation Test Store should be able to submit a successful submission via contact us form",
              "timedOut": null,
              "duration": 6842,
              "state": "passed",
              "speed": "slow",
              "pass": true,
              "fail": false,
              "pending": false,
              "context": null,
              "code": "cy.visit(\"https://www.automationteststore.com/\");\ncy.get('.fixed_wrapper').find('.prdocutname').eq(0).click();",
              "err": {},
              "uuid": "3725119e-7408-4a14-b229-bef7a247a0df",
              "parentUUID": "6aba7581-b58b-4b38-ae9c-d351c784331c",
              "isHook": false,
              "skipped": false
            }
          ],
          "suites": [],
          "passes": [
            "a8fc84f1-1384-41ae-89a2-aaf30a5ce264",
            "3725119e-7408-4a14-b229-bef7a247a0df"
          ],
          "failures": [],
          "pending": [],
          "skipped": [],
          "duration": 12116,
          "root": false,
          "rootEmpty": false,
          "_timeout": 2000
        }
      ],
      "passes": [],
      "failures": [],
      "pending": [],
      "skipped": [],
      "duration": 0,
      "root": true,
      "rootEmpty": true,
      "_timeout": 2000
    }
  ],
  "meta": {
    "mocha": {
      "version": "7.0.1"
    },
    "mochawesome": {
      "options": {
        "quiet": false,
        "reportFilename": "mochawesome",
        "saveHtml": false,
        "saveJson": true,
        "consoleReporter": "spec",
        "useInlineDiffs": false,
        "code": true
      },
      "version": "6.2.2"
    },
    "marge": {
      "options": {
        "id": "default",
        "reporterDir": "cypress/results/mochawesome",
        "quite": true,
        "overwrite": false,
        "html": false,
        "json": true
      },
      "version": "5.2.0"
    }
  }
}