{
  "stats": {
    "suites": 1,
    "tests": 16,
    "passes": 16,
    "pending": 0,
    "failures": 0,
    "start": "2021-02-26T10:44:48.041Z",
    "end": "2021-02-26T10:44:57.065Z",
    "duration": 9024,
    "testsRegistered": 16,
    "passPercent": 100,
    "pendingPercent": 0,
    "other": 0,
    "hasOther": false,
    "skipped": 0,
    "hasSkipped": false
  },
  "results": [
    {
      "uuid": "0cb6e3d0-f59c-43ad-9f39-49c6000b5268",
      "title": "",
      "fullFile": "cypress/integration/webdriver-uni/traversing-elements.js",
      "file": "cypress/integration/webdriver-uni/traversing-elements.js",
      "beforeHooks": [],
      "afterHooks": [],
      "tests": [],
      "suites": [
        {
          "uuid": "c24bf97b-ea74-4c9d-aab7-64724f17e7fc",
          "title": "Traversing DOM elements in Cypress",
          "fullFile": "",
          "file": "",
          "beforeHooks": [],
          "afterHooks": [],
          "tests": [
            {
              "title": "children() to get the children of DOM elements",
              "fullTitle": "Traversing DOM elements in Cypress children() to get the children of DOM elements",
              "timedOut": null,
              "duration": 951,
              "state": "passed",
              "speed": "slow",
              "pass": true,
              "fail": false,
              "pending": false,
              "context": null,
              "code": "cy.get('.traversal-breadcrumb').children('.active').should('contain', 'Contact Us');",
              "err": {},
              "uuid": "25edfdb9-423b-40b7-b681-53f1f9353be3",
              "parentUUID": "c24bf97b-ea74-4c9d-aab7-64724f17e7fc",
              "isHook": false,
              "skipped": false
            },
            {
              "title": "closest() to validate the closest ancestor DOM element",
              "fullTitle": "Traversing DOM elements in Cypress closest() to validate the closest ancestor DOM element",
              "timedOut": null,
              "duration": 450,
              "state": "passed",
              "speed": "slow",
              "pass": true,
              "fail": false,
              "pending": false,
              "context": null,
              "code": "cy.get('.traversal-badge').closest('ul').should('have.class', 'list-group');",
              "err": {},
              "uuid": "a135b4a6-8e22-43bc-a7fb-3b3862ddbfbd",
              "parentUUID": "c24bf97b-ea74-4c9d-aab7-64724f17e7fc",
              "isHook": false,
              "skipped": false
            },
            {
              "title": "eq() to retrieve a specific element based on index",
              "fullTitle": "Traversing DOM elements in Cypress eq() to retrieve a specific element based on index",
              "timedOut": null,
              "duration": 534,
              "state": "passed",
              "speed": "slow",
              "pass": true,
              "fail": false,
              "pending": false,
              "context": null,
              "code": "// the * its a wild card that selects all elements within that class\ncy.get('.traversal-drinks-list > *').eq(0).should('have.text', 'Coffee');\ncy.get('.traversal-drinks-list > *').eq(1).should('have.text', 'Tea');\ncy.get('.traversal-drinks-list > *').eq(2).should('have.text', 'Milk');\ncy.get('.traversal-drinks-list > *').eq(3).should('have.text', 'Espresso');\ncy.get('.traversal-drinks-list > *').eq(4).should('have.text', 'Sugar');",
              "err": {},
              "uuid": "5d2a5913-44bf-4938-a6dd-e66d150967fc",
              "parentUUID": "c24bf97b-ea74-4c9d-aab7-64724f17e7fc",
              "isHook": false,
              "skipped": false
            },
            {
              "title": "filter() to retrieve DOM elements that match a specific selector",
              "fullTitle": "Traversing DOM elements in Cypress filter() to retrieve DOM elements that match a specific selector",
              "timedOut": null,
              "duration": 401,
              "state": "passed",
              "speed": "slow",
              "pass": true,
              "fail": false,
              "pending": false,
              "context": null,
              "code": "cy.get('.btn-group-toggle >*').filter('.active').should('contain', 'Button-1');",
              "err": {},
              "uuid": "0c316477-5533-48fe-aee6-7e71f5f826ed",
              "parentUUID": "c24bf97b-ea74-4c9d-aab7-64724f17e7fc",
              "isHook": false,
              "skipped": false
            },
            {
              "title": "find() to retrieve DOM elements of a given selector pagination",
              "fullTitle": "Traversing DOM elements in Cypress find() to retrieve DOM elements of a given selector pagination",
              "timedOut": null,
              "duration": 507,
              "state": "passed",
              "speed": "slow",
              "pass": true,
              "fail": false,
              "pending": false,
              "context": null,
              "code": "cy.get('.traversal-pagination ').find('li').find('a').should('have.length', 7);\ncy.get('.traversal-pagination > li').should('have.length', 7); //same ad the above but simplified",
              "err": {},
              "uuid": "833a093a-6ce8-40fb-ab0d-c8134dc33448",
              "parentUUID": "c24bf97b-ea74-4c9d-aab7-64724f17e7fc",
              "isHook": false,
              "skipped": false
            },
            {
              "title": "first() to retrieve the first DOM element within elements table",
              "fullTitle": "Traversing DOM elements in Cypress first() to retrieve the first DOM element within elements table",
              "timedOut": null,
              "duration": 462,
              "state": "passed",
              "speed": "slow",
              "pass": true,
              "fail": false,
              "pending": false,
              "context": null,
              "code": "cy.get('.traversal-table > tbody > tr > td').first().should('contain', 'Andy');",
              "err": {},
              "uuid": "2a3a6107-e88d-4970-8530-8c79720303c1",
              "parentUUID": "c24bf97b-ea74-4c9d-aab7-64724f17e7fc",
              "isHook": false,
              "skipped": false
            },
            {
              "title": "last() to retrieve the last DOM element within elements",
              "fullTitle": "Traversing DOM elements in Cypress last() to retrieve the last DOM element within elements",
              "timedOut": null,
              "duration": 466,
              "state": "passed",
              "speed": "slow",
              "pass": true,
              "fail": false,
              "pending": false,
              "context": null,
              "code": "cy.get('.traversal-table > tbody > tr > td').last().should('contain', 'Scott');",
              "err": {},
              "uuid": "10752b37-67da-4f1b-9353-7da028d436ec",
              "parentUUID": "c24bf97b-ea74-4c9d-aab7-64724f17e7fc",
              "isHook": false,
              "skipped": false
            },
            {
              "title": "nextAll() to get all of the next sibling DOM elements within elements",
              "fullTitle": "Traversing DOM elements in Cypress nextAll() to get all of the next sibling DOM elements within elements",
              "timedOut": null,
              "duration": 467,
              "state": "passed",
              "speed": "slow",
              "pass": true,
              "fail": false,
              "pending": false,
              "context": null,
              "code": "cy.get('.traversal-drinks-list').contains('Tea').nextAll().should('have.length', 3);",
              "err": {},
              "uuid": "775456bb-4933-47bc-baf3-060fa1a6dd9c",
              "parentUUID": "c24bf97b-ea74-4c9d-aab7-64724f17e7fc",
              "isHook": false,
              "skipped": false
            },
            {
              "title": "nextUntil() to get all of the next sibling DOM elements within elements until another element",
              "fullTitle": "Traversing DOM elements in Cypress nextUntil() to get all of the next sibling DOM elements within elements until another element",
              "timedOut": null,
              "duration": 466,
              "state": "passed",
              "speed": "slow",
              "pass": true,
              "fail": false,
              "pending": false,
              "context": null,
              "code": "cy.get('#coffee').nextUntil('tea');",
              "err": {},
              "uuid": "56a78e2a-cb5f-40c3-9601-ed0061f17d17",
              "parentUUID": "c24bf97b-ea74-4c9d-aab7-64724f17e7fc",
              "isHook": false,
              "skipped": false
            },
            {
              "title": "not() to remove DOM element(s) from the set of elements",
              "fullTitle": "Traversing DOM elements in Cypress not() to remove DOM element(s) from the set of elements",
              "timedOut": null,
              "duration": 631,
              "state": "passed",
              "speed": "slow",
              "pass": true,
              "fail": false,
              "pending": false,
              "context": null,
              "code": "cy.get('.traversal-button-states > button').not('.disabled').should('not.have.class', 'disabled').each(function ($el) {\n  cy.log($el.text());\n});",
              "err": {},
              "uuid": "5c17891c-5f22-4fdc-83ca-04ad88c518ab",
              "parentUUID": "c24bf97b-ea74-4c9d-aab7-64724f17e7fc",
              "isHook": false,
              "skipped": false
            },
            {
              "title": "parent() To get parent DOM element of elements",
              "fullTitle": "Traversing DOM elements in Cypress parent() To get parent DOM element of elements",
              "timedOut": null,
              "duration": 442,
              "state": "passed",
              "speed": "slow",
              "pass": true,
              "fail": false,
              "pending": false,
              "context": null,
              "code": "cy.get('.traversal-mark').parent().should('contain', 'Lorem ipsum dolor sit amet,');",
              "err": {},
              "uuid": "98fd992c-fc20-4517-b15c-d7b427ff1e62",
              "parentUUID": "c24bf97b-ea74-4c9d-aab7-64724f17e7fc",
              "isHook": false,
              "skipped": false
            },
            {
              "title": "parents() to get parents DOM element of elements",
              "fullTitle": "Traversing DOM elements in Cypress parents() to get parents DOM element of elements",
              "timedOut": null,
              "duration": 410,
              "state": "passed",
              "speed": "slow",
              "pass": true,
              "fail": false,
              "pending": false,
              "context": null,
              "code": "cy.get('.traversal-cite').parents().should('match', 'blockquote');",
              "err": {},
              "uuid": "c1ea02f7-4332-439a-b2b9-566dbd9f003a",
              "parentUUID": "c24bf97b-ea74-4c9d-aab7-64724f17e7fc",
              "isHook": false,
              "skipped": false
            },
            {
              "title": "prev() to get the previous sibling DOM element within elements",
              "fullTitle": "Traversing DOM elements in Cypress prev() to get the previous sibling DOM element within elements",
              "timedOut": null,
              "duration": 457,
              "state": "passed",
              "speed": "slow",
              "pass": true,
              "fail": false,
              "pending": false,
              "context": null,
              "code": "cy.get('#sugar').prev().contains('Espresso');",
              "err": {},
              "uuid": "2d3db08b-47ad-4cfc-98d2-20aba00fd8b5",
              "parentUUID": "c24bf97b-ea74-4c9d-aab7-64724f17e7fc",
              "isHook": false,
              "skipped": false
            },
            {
              "title": "prevAll() to get all previous sibling DOM elements within elements",
              "fullTitle": "Traversing DOM elements in Cypress prevAll() to get all previous sibling DOM elements within elements",
              "timedOut": null,
              "duration": 422,
              "state": "passed",
              "speed": "slow",
              "pass": true,
              "fail": false,
              "pending": false,
              "context": null,
              "code": "cy.get('.sales').prevAll().should('have.length', 2);",
              "err": {},
              "uuid": "f3e9d7fe-40c0-48fc-8ef2-8248a29f6e78",
              "parentUUID": "c24bf97b-ea74-4c9d-aab7-64724f17e7fc",
              "isHook": false,
              "skipped": false
            },
            {
              "title": "prevUntil() to get all previous sibling DOM elements within elements until other element",
              "fullTitle": "Traversing DOM elements in Cypress prevUntil() to get all previous sibling DOM elements within elements until other element",
              "timedOut": null,
              "duration": 400,
              "state": "passed",
              "speed": "slow",
              "pass": true,
              "fail": false,
              "pending": false,
              "context": null,
              "code": "cy.get('#veggie').prevUntil('#fruits').should('have.length', 5);",
              "err": {},
              "uuid": "6d32372d-6f35-401a-9375-52f562b0f63b",
              "parentUUID": "c24bf97b-ea74-4c9d-aab7-64724f17e7fc",
              "isHook": false,
              "skipped": false
            },
            {
              "title": "siblings() To get all sibling DOM elements of elements",
              "fullTitle": "Traversing DOM elements in Cypress siblings() To get all sibling DOM elements of elements",
              "timedOut": null,
              "duration": 466,
              "state": "passed",
              "speed": "slow",
              "pass": true,
              "fail": false,
              "pending": false,
              "context": null,
              "code": "cy.get('.traversal-button-other-states .active').siblings().should('have.length', 3);",
              "err": {},
              "uuid": "1af0e360-60d6-4952-8091-0895b0c5efee",
              "parentUUID": "c24bf97b-ea74-4c9d-aab7-64724f17e7fc",
              "isHook": false,
              "skipped": false
            }
          ],
          "suites": [],
          "passes": [
            "25edfdb9-423b-40b7-b681-53f1f9353be3",
            "a135b4a6-8e22-43bc-a7fb-3b3862ddbfbd",
            "5d2a5913-44bf-4938-a6dd-e66d150967fc",
            "0c316477-5533-48fe-aee6-7e71f5f826ed",
            "833a093a-6ce8-40fb-ab0d-c8134dc33448",
            "2a3a6107-e88d-4970-8530-8c79720303c1",
            "10752b37-67da-4f1b-9353-7da028d436ec",
            "775456bb-4933-47bc-baf3-060fa1a6dd9c",
            "56a78e2a-cb5f-40c3-9601-ed0061f17d17",
            "5c17891c-5f22-4fdc-83ca-04ad88c518ab",
            "98fd992c-fc20-4517-b15c-d7b427ff1e62",
            "c1ea02f7-4332-439a-b2b9-566dbd9f003a",
            "2d3db08b-47ad-4cfc-98d2-20aba00fd8b5",
            "f3e9d7fe-40c0-48fc-8ef2-8248a29f6e78",
            "6d32372d-6f35-401a-9375-52f562b0f63b",
            "1af0e360-60d6-4952-8091-0895b0c5efee"
          ],
          "failures": [],
          "pending": [],
          "skipped": [],
          "duration": 7932,
          "root": false,
          "rootEmpty": false,
          "_timeout": 2000
        }
      ],
      "passes": [],
      "failures": [],
      "pending": [],
      "skipped": [],
      "duration": 0,
      "root": true,
      "rootEmpty": true,
      "_timeout": 2000
    }
  ],
  "meta": {
    "mocha": {
      "version": "7.0.1"
    },
    "mochawesome": {
      "options": {
        "quiet": false,
        "reportFilename": "mochawesome",
        "saveHtml": false,
        "saveJson": true,
        "consoleReporter": "spec",
        "useInlineDiffs": false,
        "code": true
      },
      "version": "6.2.2"
    },
    "marge": {
      "options": {
        "id": "default",
        "reporterDir": "cypress/results/mochawesome",
        "quite": true,
        "overwrite": false,
        "html": false,
        "json": true
      },
      "version": "5.2.0"
    }
  }
}