{
  "stats": {
    "suites": 1,
    "tests": 2,
    "passes": 2,
    "pending": 0,
    "failures": 0,
    "start": "2021-02-26T10:44:16.753Z",
    "end": "2021-02-26T10:44:19.413Z",
    "duration": 2660,
    "testsRegistered": 2,
    "passPercent": 100,
    "pendingPercent": 0,
    "other": 0,
    "hasOther": false,
    "skipped": 0,
    "hasSkipped": false
  },
  "results": [
    {
      "uuid": "c8bfa7ce-00a0-4765-9087-ff35dbe503c7",
      "title": "",
      "fullFile": "cypress/integration/webdriver-uni/file-upload.js",
      "file": "cypress/integration/webdriver-uni/file-upload.js",
      "beforeHooks": [],
      "afterHooks": [],
      "tests": [],
      "suites": [
        {
          "uuid": "46e3deda-66fa-4a3c-a2c6-2f755f73cd0e",
          "title": "Test upload webdriveruni",
          "fullFile": "",
          "file": "",
          "beforeHooks": [],
          "afterHooks": [],
          "tests": [
            {
              "title": "Upload a file....",
              "fullTitle": "Test upload webdriveruni Upload a file....",
              "timedOut": null,
              "duration": 1128,
              "state": "passed",
              "speed": "slow",
              "pass": true,
              "fail": false,
              "pending": false,
              "context": null,
              "code": "cy.fixture('cube.png', 'base64').then(function (fileContent) {\n  cy.get('#myFile').attachFile({\n    fileContent: fileContent,\n    fileName: 'cube.png',\n    mimeType: 'image.png'\n  }, {\n    uploadType: 'input'\n  });\n});\ncy.get('#submit-button').click();",
              "err": {},
              "uuid": "6ad72e6b-b8f1-4dc6-876a-46f01070a624",
              "parentUUID": "46e3deda-66fa-4a3c-a2c6-2f755f73cd0e",
              "isHook": false,
              "skipped": false
            },
            {
              "title": "Upload no file....",
              "fullTitle": "Test upload webdriveruni Upload no file....",
              "timedOut": null,
              "duration": 617,
              "state": "passed",
              "speed": "slow",
              "pass": true,
              "fail": false,
              "pending": false,
              "context": null,
              "code": "cy.get('#submit-button').click();",
              "err": {},
              "uuid": "9a55e82c-85dd-4f05-a3c6-7e9d1d2316c3",
              "parentUUID": "46e3deda-66fa-4a3c-a2c6-2f755f73cd0e",
              "isHook": false,
              "skipped": false
            }
          ],
          "suites": [],
          "passes": [
            "6ad72e6b-b8f1-4dc6-876a-46f01070a624",
            "9a55e82c-85dd-4f05-a3c6-7e9d1d2316c3"
          ],
          "failures": [],
          "pending": [],
          "skipped": [],
          "duration": 1745,
          "root": false,
          "rootEmpty": false,
          "_timeout": 2000
        }
      ],
      "passes": [],
      "failures": [],
      "pending": [],
      "skipped": [],
      "duration": 0,
      "root": true,
      "rootEmpty": true,
      "_timeout": 2000
    }
  ],
  "meta": {
    "mocha": {
      "version": "7.0.1"
    },
    "mochawesome": {
      "options": {
        "quiet": false,
        "reportFilename": "mochawesome",
        "saveHtml": false,
        "saveJson": true,
        "consoleReporter": "spec",
        "useInlineDiffs": false,
        "code": true
      },
      "version": "6.2.2"
    },
    "marge": {
      "options": {
        "id": "default",
        "reporterDir": "cypress/results/mochawesome",
        "quite": true,
        "overwrite": false,
        "html": false,
        "json": true
      },
      "version": "5.2.0"
    }
  }
}