{
  "stats": {
    "suites": 1,
    "tests": 1,
    "passes": 1,
    "pending": 0,
    "failures": 0,
    "start": "2021-02-26T10:54:29.612Z",
    "end": "2021-02-26T10:54:37.013Z",
    "duration": 7401,
    "testsRegistered": 1,
    "passPercent": 100,
    "pendingPercent": 0,
    "other": 0,
    "hasOther": false,
    "skipped": 0,
    "hasSkipped": false
  },
  "results": [
    {
      "uuid": "a18fd425-01a1-4e64-8871-26458fe596cc",
      "title": "",
      "fullFile": "cypress/integration/automation-test-store/contact-us.js",
      "file": "cypress/integration/automation-test-store/contact-us.js",
      "beforeHooks": [],
      "afterHooks": [],
      "tests": [],
      "suites": [
        {
          "uuid": "36d5296d-fca6-47b4-bc09-6e90786304c2",
          "title": "Test Contact Us form via Automation Test Store",
          "fullFile": "",
          "file": "",
          "beforeHooks": [],
          "afterHooks": [],
          "tests": [
            {
              "title": "should be able to submit a successful submission via contact us form",
              "fullTitle": "Test Contact Us form via Automation Test Store should be able to submit a successful submission via contact us form",
              "timedOut": null,
              "duration": 5826,
              "state": "passed",
              "speed": "slow",
              "pass": true,
              "fail": false,
              "pending": false,
              "context": null,
              "code": "cy.get('a[href$=\"contact\"]').click().then(function ($contacText) {\n  cy.log(\"The element text is: \", $contacText.text());\n});\ncy.get(\"#ContactUsFrm_first_name\").type(globalThis.data.first_name);\ncy.get(\"#ContactUsFrm_email\").type(globalThis.data.email);\ncy.get(\"#ContactUsFrm_email\").should(\"have.attr\", \"name\", \"email\");\ncy.get(\"#ContactUsFrm_enquiry\").type(\"do you provid any discount\");\ncy.get('button[title=\"Submit\"]').click();\ncy.get(\".mb40 > :nth-child(3)\").should(\"have.text\", \"Your enquiry has been successfully sent to the store owner!\");\ncy.log(\"Test has been completed\");",
              "err": {},
              "uuid": "f12a4af4-0dcc-44d9-8111-16d7535100df",
              "parentUUID": "36d5296d-fca6-47b4-bc09-6e90786304c2",
              "isHook": false,
              "skipped": false
            }
          ],
          "suites": [],
          "passes": [
            "f12a4af4-0dcc-44d9-8111-16d7535100df"
          ],
          "failures": [],
          "pending": [],
          "skipped": [],
          "duration": 5826,
          "root": false,
          "rootEmpty": false,
          "_timeout": 2000
        }
      ],
      "passes": [],
      "failures": [],
      "pending": [],
      "skipped": [],
      "duration": 0,
      "root": true,
      "rootEmpty": true,
      "_timeout": 2000
    }
  ],
  "meta": {
    "mocha": {
      "version": "7.0.1"
    },
    "mochawesome": {
      "options": {
        "quiet": false,
        "reportFilename": "mochawesome",
        "saveHtml": false,
        "saveJson": true,
        "consoleReporter": "spec",
        "useInlineDiffs": false,
        "code": true
      },
      "version": "6.2.2"
    },
    "marge": {
      "options": {
        "id": "default",
        "reporterDir": "cypress/results/mochawesome",
        "quite": true,
        "overwrite": false,
        "html": false,
        "json": true
      },
      "version": "5.2.0"
    }
  }
}