{
  "stats": {
    "suites": 1,
    "tests": 5,
    "passes": 5,
    "pending": 0,
    "failures": 0,
    "start": "2021-02-26T10:42:56.118Z",
    "end": "2021-02-26T10:43:19.386Z",
    "duration": 23268,
    "testsRegistered": 5,
    "passPercent": 100,
    "pendingPercent": 0,
    "other": 0,
    "hasOther": false,
    "skipped": 0,
    "hasSkipped": false
  },
  "results": [
    {
      "uuid": "4e78c851-5ec8-4911-b4e3-9320a7391f0f",
      "title": "",
      "fullFile": "cypress/integration/automation-test-store/iterate-each-element.js",
      "file": "cypress/integration/automation-test-store/iterate-each-element.js",
      "beforeHooks": [],
      "afterHooks": [],
      "tests": [],
      "suites": [
        {
          "uuid": "64c50ccd-f22d-402c-93ff-51e9d96140e6",
          "title": "Automation Test Store",
          "fullFile": "",
          "file": "",
          "beforeHooks": [],
          "afterHooks": [],
          "tests": [
            {
              "title": "Log information of all hair products",
              "fullTitle": "Automation Test Store Log information of all hair products",
              "timedOut": null,
              "duration": 4867,
              "state": "passed",
              "speed": "slow",
              "pass": true,
              "fail": false,
              "pending": false,
              "context": null,
              "code": "cy.get(\".fixed_wrapper .prdocutname\").each(function ($el, index, $list) {\n  cy.log(\"Index:\" + index, \" : \" + $el.text()); //iterate each element and log the results\n});",
              "err": {},
              "uuid": "2a40daaa-41d1-4e5f-ad61-3e04db7d1f69",
              "parentUUID": "64c50ccd-f22d-402c-93ff-51e9d96140e6",
              "isHook": false,
              "skipped": false
            },
            {
              "title": "Add specific product to basket",
              "fullTitle": "Automation Test Store Add specific product to basket",
              "timedOut": null,
              "duration": 4450,
              "state": "passed",
              "speed": "slow",
              "pass": true,
              "fail": false,
              "pending": false,
              "context": null,
              "code": "/**\n * this test takes a parameter fromthe command file\n * and its possible to change the desired product\n */\ncy.addProduct(\"Pantene Pro-V Conditioner, Classic Care\");",
              "err": {},
              "uuid": "f965321e-7a4b-4211-b415-7fcdd50b710d",
              "parentUUID": "64c50ccd-f22d-402c-93ff-51e9d96140e6",
              "isHook": false,
              "skipped": false
            },
            {
              "title": "Add another specific product to baske onet",
              "fullTitle": "Automation Test Store Add another specific product to baske onet",
              "timedOut": null,
              "duration": 5076,
              "state": "passed",
              "speed": "slow",
              "pass": true,
              "fail": false,
              "pending": false,
              "context": null,
              "code": "cy.addProduct(\"Eau Parfumee au The Vert Shampoo\");",
              "err": {},
              "uuid": "535e6310-36be-45b8-92bd-f575589f57bf",
              "parentUUID": "64c50ccd-f22d-402c-93ff-51e9d96140e6",
              "isHook": false,
              "skipped": false
            },
            {
              "title": "Add another specific product to basket two",
              "fullTitle": "Automation Test Store Add another specific product to basket two",
              "timedOut": null,
              "duration": 3505,
              "state": "passed",
              "speed": "slow",
              "pass": true,
              "fail": false,
              "pending": false,
              "context": null,
              "code": "cy.addProduct(\"Seaweed Conditioner\");",
              "err": {},
              "uuid": "56aa084c-2905-4f51-a57e-811c9e6fc344",
              "parentUUID": "64c50ccd-f22d-402c-93ff-51e9d96140e6",
              "isHook": false,
              "skipped": false
            },
            {
              "title": "Add another specific product to basket three",
              "fullTitle": "Automation Test Store Add another specific product to basket three",
              "timedOut": null,
              "duration": 4014,
              "state": "passed",
              "speed": "slow",
              "pass": true,
              "fail": false,
              "pending": false,
              "context": null,
              "code": "cy.addProduct(\"Curls to straight Shampoo\");",
              "err": {},
              "uuid": "5fa6407e-f598-44c8-96ef-ca5417dcff0c",
              "parentUUID": "64c50ccd-f22d-402c-93ff-51e9d96140e6",
              "isHook": false,
              "skipped": false
            }
          ],
          "suites": [],
          "passes": [
            "2a40daaa-41d1-4e5f-ad61-3e04db7d1f69",
            "f965321e-7a4b-4211-b415-7fcdd50b710d",
            "535e6310-36be-45b8-92bd-f575589f57bf",
            "56aa084c-2905-4f51-a57e-811c9e6fc344",
            "5fa6407e-f598-44c8-96ef-ca5417dcff0c"
          ],
          "failures": [],
          "pending": [],
          "skipped": [],
          "duration": 21912,
          "root": false,
          "rootEmpty": false,
          "_timeout": 2000
        }
      ],
      "passes": [],
      "failures": [],
      "pending": [],
      "skipped": [],
      "duration": 0,
      "root": true,
      "rootEmpty": true,
      "_timeout": 2000
    }
  ],
  "meta": {
    "mocha": {
      "version": "7.0.1"
    },
    "mochawesome": {
      "options": {
        "quiet": false,
        "reportFilename": "mochawesome",
        "saveHtml": false,
        "saveJson": true,
        "consoleReporter": "spec",
        "useInlineDiffs": false,
        "code": true
      },
      "version": "6.2.2"
    },
    "marge": {
      "options": {
        "id": "default",
        "reporterDir": "cypress/results/mochawesome",
        "quite": true,
        "overwrite": false,
        "html": false,
        "json": true
      },
      "version": "5.2.0"
    }
  }
}