{
  "stats": {
    "suites": 1,
    "tests": 1,
    "passes": 1,
    "pending": 0,
    "failures": 0,
    "start": "2021-02-26T10:43:30.705Z",
    "end": "2021-02-26T10:43:33.299Z",
    "duration": 2594,
    "testsRegistered": 1,
    "passPercent": 100,
    "pendingPercent": 0,
    "other": 0,
    "hasOther": false,
    "skipped": 0,
    "hasSkipped": false
  },
  "results": [
    {
      "uuid": "449ec7ab-ad8b-46dd-a921-f4def68316ca",
      "title": "",
      "fullFile": "cypress/integration/webdriver-uni/autocomplete.js",
      "file": "cypress/integration/webdriver-uni/autocomplete.js",
      "beforeHooks": [],
      "afterHooks": [],
      "tests": [],
      "suites": [
        {
          "uuid": "6771db42-52c5-4304-b37c-e236f2567aa0",
          "title": "Interact with autocomplpete",
          "fullFile": "",
          "file": "",
          "beforeHooks": [],
          "afterHooks": [],
          "tests": [
            {
              "title": "Select specific product via autocomplpete list",
              "fullTitle": "Interact with autocomplpete Select specific product via autocomplpete list",
              "timedOut": null,
              "duration": 2544,
              "state": "passed",
              "speed": "slow",
              "pass": true,
              "fail": false,
              "pending": false,
              "context": null,
              "code": "cy.get(\"#autocomplete-textfield\").invoke(\"removeAttr\", \"target\").click();\ncy.get(\"#myInput\").type(\"a\");\ncy.get(\"#myInputautocomplete-list > *\").each(function ($el, index, $list) {\n  var prod = $el.text();\n  cy.log(prod);\n  var productSelect = \"Avacado\";\n  if (prod === productSelect) {\n    $el.click();\n    cy.get(\"#submit-button\").click();\n    cy.url().should(\"include\", productSelect);\n  }\n}).then(function () {\n  cy.get(\"#myInput\").type(\"g\");\n  cy.get(\"#myInputautocomplete-list > *\").each(function ($el, index, $list) {\n    var prod = $el.text();\n    var productSelect = \"Grapes\";\n    if (prod === productSelect) {\n      $el.click();\n      cy.get(\"#submit-button\").click();\n      cy.url().should(\"include\", \"Grapes\");\n    }\n  });\n});",
              "err": {},
              "uuid": "8d80e46b-4eb2-4b7f-b9b4-f0dd70e9b372",
              "parentUUID": "6771db42-52c5-4304-b37c-e236f2567aa0",
              "isHook": false,
              "skipped": false
            }
          ],
          "suites": [],
          "passes": [
            "8d80e46b-4eb2-4b7f-b9b4-f0dd70e9b372"
          ],
          "failures": [],
          "pending": [],
          "skipped": [],
          "duration": 2544,
          "root": false,
          "rootEmpty": false,
          "_timeout": 2000
        }
      ],
      "passes": [],
      "failures": [],
      "pending": [],
      "skipped": [],
      "duration": 0,
      "root": true,
      "rootEmpty": true,
      "_timeout": 2000
    }
  ],
  "meta": {
    "mocha": {
      "version": "7.0.1"
    },
    "mochawesome": {
      "options": {
        "quiet": false,
        "reportFilename": "mochawesome",
        "saveHtml": false,
        "saveJson": true,
        "consoleReporter": "spec",
        "useInlineDiffs": false,
        "code": true
      },
      "version": "6.2.2"
    },
    "marge": {
      "options": {
        "id": "default",
        "reporterDir": "cypress/results/mochawesome",
        "quite": true,
        "overwrite": false,
        "html": false,
        "json": true
      },
      "version": "5.2.0"
    }
  }
}