{
  "stats": {
    "suites": 1,
    "tests": 2,
    "passes": 2,
    "pending": 0,
    "failures": 0,
    "start": "2021-02-26T10:44:22.353Z",
    "end": "2021-02-26T10:44:22.469Z",
    "duration": 116,
    "testsRegistered": 2,
    "passPercent": 100,
    "pendingPercent": 0,
    "other": 0,
    "hasOther": false,
    "skipped": 0,
    "hasSkipped": false
  },
  "results": [
    {
      "uuid": "6308f594-d166-4055-bf9a-305ceed1f4a9",
      "title": "",
      "fullFile": "cypress/integration/webdriver-uni/hooks.js",
      "file": "cypress/integration/webdriver-uni/hooks.js",
      "beforeHooks": [],
      "afterHooks": [],
      "tests": [],
      "suites": [
        {
          "uuid": "9801f5c0-9763-4414-b095-3f765d2d1030",
          "title": "Hooks",
          "fullFile": "",
          "file": "",
          "beforeHooks": [],
          "afterHooks": [],
          "tests": [
            {
              "title": "test one",
              "fullTitle": "Hooks test one",
              "timedOut": null,
              "duration": 63,
              "state": "passed",
              "speed": "medium",
              "pass": true,
              "fail": false,
              "pending": false,
              "context": null,
              "code": "cy.log('Example test one');",
              "err": {},
              "uuid": "79f44403-d99c-41e9-aa6f-9b5b498ff94d",
              "parentUUID": "9801f5c0-9763-4414-b095-3f765d2d1030",
              "isHook": false,
              "skipped": false
            },
            {
              "title": "test two",
              "fullTitle": "Hooks test two",
              "timedOut": null,
              "duration": 14,
              "state": "passed",
              "speed": "fast",
              "pass": true,
              "fail": false,
              "pending": false,
              "context": null,
              "code": "cy.log('Example test one');",
              "err": {},
              "uuid": "f574fa64-597a-4589-a236-a98389ce6eb8",
              "parentUUID": "9801f5c0-9763-4414-b095-3f765d2d1030",
              "isHook": false,
              "skipped": false
            }
          ],
          "suites": [],
          "passes": [
            "79f44403-d99c-41e9-aa6f-9b5b498ff94d",
            "f574fa64-597a-4589-a236-a98389ce6eb8"
          ],
          "failures": [],
          "pending": [],
          "skipped": [],
          "duration": 77,
          "root": false,
          "rootEmpty": false,
          "_timeout": 2000
        }
      ],
      "passes": [],
      "failures": [],
      "pending": [],
      "skipped": [],
      "duration": 0,
      "root": true,
      "rootEmpty": true,
      "_timeout": 2000
    }
  ],
  "meta": {
    "mocha": {
      "version": "7.0.1"
    },
    "mochawesome": {
      "options": {
        "quiet": false,
        "reportFilename": "mochawesome",
        "saveHtml": false,
        "saveJson": true,
        "consoleReporter": "spec",
        "useInlineDiffs": false,
        "code": true
      },
      "version": "6.2.2"
    },
    "marge": {
      "options": {
        "id": "default",
        "reporterDir": "cypress/results/mochawesome",
        "quite": true,
        "overwrite": false,
        "html": false,
        "json": true
      },
      "version": "5.2.0"
    }
  }
}