{
  "stats": {
    "suites": 1,
    "tests": 5,
    "passes": 5,
    "pending": 0,
    "failures": 0,
    "start": "2021-02-26T10:49:43.951Z",
    "end": "2021-02-26T10:50:10.998Z",
    "duration": 27047,
    "testsRegistered": 5,
    "passPercent": 100,
    "pendingPercent": 0,
    "other": 0,
    "hasOther": false,
    "skipped": 0,
    "hasSkipped": false
  },
  "results": [
    {
      "uuid": "0c7267f4-a469-4e49-b0e6-5943d593501a",
      "title": "",
      "fullFile": "cypress/integration/automation-test-store/iterate-each-element.js",
      "file": "cypress/integration/automation-test-store/iterate-each-element.js",
      "beforeHooks": [],
      "afterHooks": [],
      "tests": [],
      "suites": [
        {
          "uuid": "ad69bf23-790f-4e1e-b748-ff084fddbef8",
          "title": "Automation Test Store",
          "fullFile": "",
          "file": "",
          "beforeHooks": [],
          "afterHooks": [],
          "tests": [
            {
              "title": "Log information of all hair products",
              "fullTitle": "Automation Test Store Log information of all hair products",
              "timedOut": null,
              "duration": 8242,
              "state": "passed",
              "speed": "slow",
              "pass": true,
              "fail": false,
              "pending": false,
              "context": null,
              "code": "cy.get(\".fixed_wrapper .prdocutname\").each(function ($el, index, $list) {\n  cy.log(\"Index:\" + index, \" : \" + $el.text()); //iterate each element and log the results\n});",
              "err": {},
              "uuid": "388c8c2e-a8f2-4f8e-a1c6-293e86c6ca31",
              "parentUUID": "ad69bf23-790f-4e1e-b748-ff084fddbef8",
              "isHook": false,
              "skipped": false
            },
            {
              "title": "Add specific product to basket",
              "fullTitle": "Automation Test Store Add specific product to basket",
              "timedOut": null,
              "duration": 4151,
              "state": "passed",
              "speed": "slow",
              "pass": true,
              "fail": false,
              "pending": false,
              "context": null,
              "code": "/**\n * this test takes a parameter fromthe command file\n * and its possible to change the desired product\n */\ncy.addProduct(\"Pantene Pro-V Conditioner, Classic Care\");",
              "err": {},
              "uuid": "25ad8c56-657f-41cb-b9f6-43d311cf53e9",
              "parentUUID": "ad69bf23-790f-4e1e-b748-ff084fddbef8",
              "isHook": false,
              "skipped": false
            },
            {
              "title": "Add another specific product to baske onet",
              "fullTitle": "Automation Test Store Add another specific product to baske onet",
              "timedOut": null,
              "duration": 3221,
              "state": "passed",
              "speed": "slow",
              "pass": true,
              "fail": false,
              "pending": false,
              "context": null,
              "code": "cy.addProduct(\"Eau Parfumee au The Vert Shampoo\");",
              "err": {},
              "uuid": "7085b244-062a-4535-80a2-2aed46ac981f",
              "parentUUID": "ad69bf23-790f-4e1e-b748-ff084fddbef8",
              "isHook": false,
              "skipped": false
            },
            {
              "title": "Add another specific product to basket two",
              "fullTitle": "Automation Test Store Add another specific product to basket two",
              "timedOut": null,
              "duration": 4916,
              "state": "passed",
              "speed": "slow",
              "pass": true,
              "fail": false,
              "pending": false,
              "context": null,
              "code": "cy.addProduct(\"Seaweed Conditioner\");",
              "err": {},
              "uuid": "0cb3eb0f-2a9a-403f-a0b8-40d1ac97ad6b",
              "parentUUID": "ad69bf23-790f-4e1e-b748-ff084fddbef8",
              "isHook": false,
              "skipped": false
            },
            {
              "title": "Add another specific product to basket three",
              "fullTitle": "Automation Test Store Add another specific product to basket three",
              "timedOut": null,
              "duration": 4093,
              "state": "passed",
              "speed": "slow",
              "pass": true,
              "fail": false,
              "pending": false,
              "context": null,
              "code": "cy.addProduct(\"Curls to straight Shampoo\");",
              "err": {},
              "uuid": "9f97f82a-0d3d-47fc-849d-0ba63241c497",
              "parentUUID": "ad69bf23-790f-4e1e-b748-ff084fddbef8",
              "isHook": false,
              "skipped": false
            }
          ],
          "suites": [],
          "passes": [
            "388c8c2e-a8f2-4f8e-a1c6-293e86c6ca31",
            "25ad8c56-657f-41cb-b9f6-43d311cf53e9",
            "7085b244-062a-4535-80a2-2aed46ac981f",
            "0cb3eb0f-2a9a-403f-a0b8-40d1ac97ad6b",
            "9f97f82a-0d3d-47fc-849d-0ba63241c497"
          ],
          "failures": [],
          "pending": [],
          "skipped": [],
          "duration": 24623,
          "root": false,
          "rootEmpty": false,
          "_timeout": 2000
        }
      ],
      "passes": [],
      "failures": [],
      "pending": [],
      "skipped": [],
      "duration": 0,
      "root": true,
      "rootEmpty": true,
      "_timeout": 2000
    }
  ],
  "meta": {
    "mocha": {
      "version": "7.0.1"
    },
    "mochawesome": {
      "options": {
        "quiet": false,
        "reportFilename": "mochawesome",
        "saveHtml": false,
        "saveJson": true,
        "consoleReporter": "spec",
        "useInlineDiffs": false,
        "code": true
      },
      "version": "6.2.2"
    },
    "marge": {
      "options": {
        "id": "default",
        "reporterDir": "cypress/results/mochawesome",
        "quite": true,
        "overwrite": false,
        "html": false,
        "json": true
      },
      "version": "5.2.0"
    }
  }
}