{
  "stats": {
    "suites": 1,
    "tests": 2,
    "passes": 2,
    "pending": 0,
    "failures": 0,
    "start": "2021-03-05T12:34:22.854Z",
    "end": "2021-03-05T12:34:25.594Z",
    "duration": 2740,
    "testsRegistered": 2,
    "passPercent": 100,
    "pendingPercent": 0,
    "other": 0,
    "hasOther": false,
    "skipped": 0,
    "hasSkipped": false
  },
  "results": [
    {
      "uuid": "abe8d84c-028b-427a-a07c-07b6a9ad8fda",
      "title": "",
      "fullFile": "cypress/integration/Login.feature",
      "file": "cypress/integration/Login.feature",
      "beforeHooks": [],
      "afterHooks": [],
      "tests": [],
      "suites": [
        {
          "uuid": "05029b75-de89-45f4-bd90-4c7edcf6fbf1",
          "title": "Webdriveruniversity Login Page",
          "fullFile": "",
          "file": "",
          "beforeHooks": [],
          "afterHooks": [],
          "tests": [
            {
              "title": "Login via WebdriverUniversity Login Portal (example #1)",
              "fullTitle": "Webdriveruniversity Login Page Login via WebdriverUniversity Login Portal (example #1)",
              "timedOut": null,
              "duration": 1612,
              "state": "passed",
              "speed": "slow",
              "pass": true,
              "fail": false,
              "pending": false,
              "context": null,
              "code": "const state = window.testState;\nreturn cy\n  .then(() => state.onStartScenario(scenario, indexedSteps))\n  .then(() =>\n    resolveAndRunBeforeHooks.call(this, scenario.tags, state.feature.name)\n  )\n  .then(() =>\n    indexedSteps.forEach((step) =>\n      stepTest.call(this, state, step, rowData)\n    )\n  )\n  .then(() =>\n    resolveAndRunAfterHooks.call(this, scenario.tags, state.feature.name)\n  )\n  .then(() => state.onFinishScenario(scenario));",
              "err": {},
              "uuid": "67bfb25d-0ade-4545-bb96-403346a479b1",
              "parentUUID": "05029b75-de89-45f4-bd90-4c7edcf6fbf1",
              "isHook": false,
              "skipped": false
            },
            {
              "title": "Login via WebdriverUniversity Login Portal (example #2)",
              "fullTitle": "Webdriveruniversity Login Page Login via WebdriverUniversity Login Portal (example #2)",
              "timedOut": null,
              "duration": 1109,
              "state": "passed",
              "speed": "slow",
              "pass": true,
              "fail": false,
              "pending": false,
              "context": null,
              "code": "const state = window.testState;\nreturn cy\n  .then(() => state.onStartScenario(scenario, indexedSteps))\n  .then(() =>\n    resolveAndRunBeforeHooks.call(this, scenario.tags, state.feature.name)\n  )\n  .then(() =>\n    indexedSteps.forEach((step) =>\n      stepTest.call(this, state, step, rowData)\n    )\n  )\n  .then(() =>\n    resolveAndRunAfterHooks.call(this, scenario.tags, state.feature.name)\n  )\n  .then(() => state.onFinishScenario(scenario));",
              "err": {},
              "uuid": "1b18bf9c-2854-4fc4-a123-415259c6eeb7",
              "parentUUID": "05029b75-de89-45f4-bd90-4c7edcf6fbf1",
              "isHook": false,
              "skipped": false
            }
          ],
          "suites": [],
          "passes": [
            "67bfb25d-0ade-4545-bb96-403346a479b1",
            "1b18bf9c-2854-4fc4-a123-415259c6eeb7"
          ],
          "failures": [],
          "pending": [],
          "skipped": [],
          "duration": 2721,
          "root": false,
          "rootEmpty": false,
          "_timeout": 2000
        }
      ],
      "passes": [],
      "failures": [],
      "pending": [],
      "skipped": [],
      "duration": 0,
      "root": true,
      "rootEmpty": true,
      "_timeout": 2000
    }
  ],
  "meta": {
    "mocha": {
      "version": "7.0.1"
    },
    "mochawesome": {
      "options": {
        "quiet": false,
        "reportFilename": "mochawesome",
        "saveHtml": false,
        "saveJson": true,
        "consoleReporter": "spec",
        "useInlineDiffs": false,
        "code": true
      },
      "version": "6.2.2"
    },
    "marge": {
      "options": {
        "id": "default",
        "reporterDir": "cypress/results/mochawesome",
        "quite": true,
        "overwrite": false,
        "html": false,
        "json": true
      },
      "version": "5.2.0"
    }
  }
}