{
  "stats": {
    "suites": 1,
    "tests": 1,
    "passes": 1,
    "pending": 0,
    "failures": 0,
    "start": "2021-02-26T10:43:51.340Z",
    "end": "2021-02-26T10:43:54.551Z",
    "duration": 3211,
    "testsRegistered": 1,
    "passPercent": 100,
    "pendingPercent": 0,
    "other": 0,
    "hasOther": false,
    "skipped": 0,
    "hasSkipped": false
  },
  "results": [
    {
      "uuid": "86038728-3e4c-4060-9c45-e50e385226bb",
      "title": "",
      "fullFile": "cypress/integration/webdriver-uni/contactus.js",
      "file": "cypress/integration/webdriver-uni/contactus.js",
      "beforeHooks": [],
      "afterHooks": [],
      "tests": [],
      "suites": [
        {
          "uuid": "15f24afb-3a21-4f4b-ac82-c57b83df088d",
          "title": "Test Contact Us form via WebDriverUni",
          "fullFile": "",
          "file": "",
          "beforeHooks": [],
          "afterHooks": [],
          "tests": [
            {
              "title": "should not be able to submit a successful submission via contact us form as all fields are required",
              "fullTitle": "Test Contact Us form via WebDriverUni should not be able to submit a successful submission via contact us form as all fields are required",
              "timedOut": null,
              "duration": 2017,
              "state": "passed",
              "speed": "slow",
              "pass": true,
              "fail": false,
              "pending": false,
              "context": null,
              "code": "Cypress.currentTest.retries(2);\ncy.visit(Cypress.env(\"webdriver_uni\"));\ncy.get(\"#contact-us\").invoke(\"removeAttr\", \"target\").click({\n  force: true\n});\ncy.get('[name=\"first_name\"]').type(globalThis.data.first_name);\ncy.get('[name=\"last_name\"]').type(globalThis.data.last_name);\ncy.get('[type=\"submit\"]').click();\ncy.get(\"body\").contains(\"Error: all fields are required\");",
              "err": {},
              "uuid": "ef02b26c-8aec-40e1-9168-99c7076bab01",
              "parentUUID": "15f24afb-3a21-4f4b-ac82-c57b83df088d",
              "isHook": false,
              "skipped": false
            }
          ],
          "suites": [],
          "passes": [
            "ef02b26c-8aec-40e1-9168-99c7076bab01"
          ],
          "failures": [],
          "pending": [],
          "skipped": [],
          "duration": 2017,
          "root": false,
          "rootEmpty": false,
          "_timeout": 2000
        }
      ],
      "passes": [],
      "failures": [],
      "pending": [],
      "skipped": [],
      "duration": 0,
      "root": true,
      "rootEmpty": true,
      "_timeout": 2000
    }
  ],
  "meta": {
    "mocha": {
      "version": "7.0.1"
    },
    "mochawesome": {
      "options": {
        "quiet": false,
        "reportFilename": "mochawesome",
        "saveHtml": false,
        "saveJson": true,
        "consoleReporter": "spec",
        "useInlineDiffs": false,
        "code": true
      },
      "version": "6.2.2"
    },
    "marge": {
      "options": {
        "id": "default",
        "reporterDir": "cypress/results/mochawesome",
        "quite": true,
        "overwrite": false,
        "html": false,
        "json": true
      },
      "version": "5.2.0"
    }
  }
}